<?xml version="1.0" encoding="UTF-8"?>
<testng-results skipped="0" failed="0" ignored="0" total="1" passed="1">
  <reporter-output>
  </reporter-output>
  <suite name="Default suite" duration-ms="38" started-at="2020-11-04T13:51:19 EST" finished-at="2020-11-04T13:51:19 EST">
    <groups>
    </groups>
    <test name="Default test" duration-ms="38" started-at="2020-11-04T13:51:19 EST" finished-at="2020-11-04T13:51:19 EST">
      <class name="Interview.PrimeNumber">
        <test-method status="PASS" signature="Prime_Num_Test()[pri:0, instance:Interview.PrimeNumber@7d907bac]" name="Prime_Num_Test" duration-ms="7" started-at="2020-11-04T13:51:19 EST" finished-at="2020-11-04T13:51:19 EST">
          <reporter-output>
          </reporter-output>
        </test-method> <!-- Prime_Num_Test -->
      </class> <!-- Interview.PrimeNumber -->
    </test> <!-- Default test -->
  </suite> <!-- Default suite -->
</testng-results>
